<?xml version="1.0" encoding="UTF-8"?>
<!-- Generated by org.testng.reporters.JUnitXMLReporter -->
<testsuite ignored="3" hostname="Naimul" failures="0" tests="1" name="Default test" time="3.648" errors="0" timestamp="2024-10-09T01:47:04 EDT">
  <testcase classname="org.xyz.automation.uo.KeyboardMouse" name="handleFrames" time="3.628"/>
  <testcase classname="org.xyz.automation.uo.KeyboardMouse" name="handleAlerts" time="0.0">
    <ignored/>
  </testcase> <!-- handleAlerts -->
  <testcase classname="org.xyz.automation.uo.KeyboardMouse" name="keyboardHandle" time="0.0">
    <ignored/>
  </testcase> <!-- keyboardHandle -->
  <testcase classname="org.xyz.automation.uo.KeyboardMouse" name="mouseHandle" time="0.0">
    <ignored/>
  </testcase> <!-- mouseHandle -->
</testsuite> <!-- Default test -->
